220603180959.416 INFO 'ansible_navigator.setup_logger' New ansible-navigator instance, logging initialized
220603180959.416 INFO 'ansible_navigator.setup_logger' New ansible-runner instance, logging initialized
220603180959.416 DEBUG 'ansible_navigator.main' Share directory '/usr/lib/python3.8/site-packages/share/ansible_navigator' not found (development path)
220603180959.416 DEBUG 'ansible_navigator.main' Share directory '/home/student/.local/share/ansible_navigator' not found (userbase)
220603180959.416 DEBUG 'ansible_navigator.main' Share directory '/usr/share/ansible_navigator' found (sys.prefix)
220603180959.416 DEBUG 'ansible_navigator.main' Default collection_doc_cache_path set to: /home/student/.cache/ansible-navigator/collection_doc_cache.db
220603180959.416 DEBUG 'ansible_navigator.main' EDITOR environment variable not set
220603180959.416 DEBUG 'ansible_navigator.main' Default editor_command set to: vi +{line_number} {filename}
220603180959.416 DEBUG 'ansible_navigator.main' No config file set by ANSIBLE_NAVIGATOR_CONFIG
220603180959.416 DEBUG 'ansible_navigator.main' Looking in /home/student
220603180959.417 DEBUG 'ansible_navigator.main' Looking for '/home/student/.ansible-navigator.yml', '/home/student/.ansible-navigator.yaml' and '/home/student/.ansible-navigator.json'
220603180959.417 DEBUG 'ansible_navigator.main' Found 0: 
220603180959.417 DEBUG 'ansible_navigator.main' Looking in /home/student/git/ansible/demo
220603180959.417 DEBUG 'ansible_navigator.main' Looking for '/home/student/git/ansible/demo/ansible-navigator.yml', '/home/student/git/ansible/demo/ansible-navigator.yaml' and '/home/student/git/ansible/demo/ansible-navigator.json'
220603180959.417 DEBUG 'ansible_navigator.main' Found 1: '/home/student/git/ansible/demo/ansible-navigator.yml'
220603180959.417 DEBUG 'ansible_navigator.main' All found 1: '/home/student/git/ansible/demo/ansible-navigator.yml'
220603180959.417 DEBUG 'ansible_navigator.main' Using: /home/student/git/ansible/demo/ansible-navigator.yml
220603180959.417 DEBUG 'ansible_navigator.main' Using settings file at /home/student/git/ansible/demo/ansible-navigator.yml in search path
220603180959.417 DEBUG 'ansible_navigator.main' Command provided: ''
220603180959.417 DEBUG 'ansible_navigator.main' ansible-navigator.ansible-runner.artifact-dir not found in settings file
220603180959.417 DEBUG 'ansible_navigator.main' ansible-navigator.ansible-runner.rotate-artifacts-count not found in settings file
220603180959.417 DEBUG 'ansible_navigator.main' ansible-navigator.ansible-runner.timeout not found in settings file
220603180959.417 DEBUG 'ansible_navigator.main' ansible-navigator.app not found in settings file
220603180959.417 DEBUG 'ansible_navigator.main' ansible-navigator.ansible.cmdline not found in settings file
220603180959.417 DEBUG 'ansible_navigator.main' ansible-navigator.collection-doc-cache-path not found in settings file
220603180959.417 DEBUG 'ansible_navigator.main' ansible-navigator.execution-environment.container-engine not found in settings file
220603180959.417 DEBUG 'ansible_navigator.main' ansible-navigator.color.enable not found in settings file
220603180959.417 DEBUG 'ansible_navigator.main' ansible-navigator.editor.command not found in settings file
220603180959.417 DEBUG 'ansible_navigator.main' ansible-navigator.editor.console not found in settings file
220603180959.417 DEBUG 'ansible_navigator.main' ansible-navigator.execution-environment.enabled not found in settings file
220603180959.417 DEBUG 'ansible_navigator.main' ansible-navigator.execution-environment.volume-mounts not found in settings file
220603180959.417 DEBUG 'ansible_navigator.main' ansible-navigator.help-config not found in settings file
220603180959.417 DEBUG 'ansible_navigator.main' ansible-navigator.help-doc not found in settings file
220603180959.417 DEBUG 'ansible_navigator.main' ansible-navigator.help-inventory not found in settings file
220603180959.417 DEBUG 'ansible_navigator.main' ansible-navigator.help-playbook not found in settings file
220603180959.417 DEBUG 'ansible_navigator.main' ansible-navigator.ansible.inventories not found in settings file
220603180959.417 DEBUG 'ansible_navigator.main' ansible-navigator.inventory-columns not found in settings file
220603180959.417 DEBUG 'ansible_navigator.main' ansible-navigator.logging.append not found in settings file
220603180959.417 DEBUG 'ansible_navigator.main' ansible-navigator.logging.file not found in settings file
220603180959.417 DEBUG 'ansible_navigator.main' ansible-navigator.logging.level not found in settings file
220603180959.417 DEBUG 'ansible_navigator.main' ansible-navigator.color.osc4 not found in settings file
220603180959.417 DEBUG 'ansible_navigator.main' ansible-navigator.execution-environment.environment-variables.pass not found in settings file
220603180959.417 DEBUG 'ansible_navigator.main' ansible-navigator.ansible.playbook not found in settings file
220603180959.417 DEBUG 'ansible_navigator.main' ansible-navigator.playbook-artifact.enable not found in settings file
220603180959.417 DEBUG 'ansible_navigator.main' ansible-navigator.playbook-artifact.replay not found in settings file
220603180959.417 DEBUG 'ansible_navigator.main' ansible-navigator.playbook-artifact.save-as not found in settings file
220603180959.417 DEBUG 'ansible_navigator.main' ansible-navigator.documentation.plugin.name not found in settings file
220603180959.417 DEBUG 'ansible_navigator.main' ansible-navigator.documentation.plugin.type not found in settings file
220603180959.417 DEBUG 'ansible_navigator.main' ansible-navigator.execution-environment.environment-variables.set not found in settings file
220603180959.417 DEBUG 'ansible_navigator.main' Completed post processing for ansible_runner_artifact_dir. (changed=False)
220603180959.417 DEBUG 'ansible_navigator.main' Completed post processing for ansible_runner_rotate_artifacts_count. (changed=False)
220603180959.417 DEBUG 'ansible_navigator.main' Completed post processing for ansible_runner_timeout. (changed=False)
220603180959.417 DEBUG 'ansible_navigator.main' Completed post processing for cmdline. (changed=False)
220603180959.417 DEBUG 'ansible_navigator.main' Completed post processing for collection_doc_cache_path. (changed=False)
220603180959.417 DEBUG 'ansible_navigator.main' Completed post processing for container_engine. (changed=True)
220603180959.417 DEBUG 'ansible_navigator.main'  before: 'auto'
220603180959.417 DEBUG 'ansible_navigator.main'  after: 'podman'
220603180959.417 DEBUG 'ansible_navigator.main' Completed post processing for display_color. (changed=False)
220603180959.417 DEBUG 'ansible_navigator.main' Completed post processing for editor_console. (changed=False)
220603180959.417 DEBUG 'ansible_navigator.main' Completed post processing for execution_environment. (changed=False)
220603180959.417 DEBUG 'ansible_navigator.main' Completed post processing for execution_environment_image. (changed=False)
220603180959.417 DEBUG 'ansible_navigator.main' Completed post processing for execution_environment_volume_mounts. (changed=False)
220603180959.417 DEBUG 'ansible_navigator.main' Completed post processing for help_config. (changed=False)
220603180959.417 DEBUG 'ansible_navigator.main' Completed post processing for help_doc. (changed=False)
220603180959.417 DEBUG 'ansible_navigator.main' Completed post processing for help_inventory. (changed=False)
220603180959.418 DEBUG 'ansible_navigator.main' Completed post processing for help_playbook. (changed=False)
220603180959.418 DEBUG 'ansible_navigator.main' Completed post processing for inventory. (changed=False)
220603180959.418 DEBUG 'ansible_navigator.main' Completed post processing for inventory_column. (changed=False)
220603180959.418 DEBUG 'ansible_navigator.main' Completed post processing for log_append. (changed=False)
220603180959.418 DEBUG 'ansible_navigator.main' Completed post processing for log_file. (changed=False)
220603180959.418 DEBUG 'ansible_navigator.main' Completed post processing for mode. (changed=False)
220603180959.418 DEBUG 'ansible_navigator.main' Completed post processing for osc4. (changed=False)
220603180959.418 DEBUG 'ansible_navigator.main' Completed post processing for pass_environment_variable. (changed=False)
220603180959.418 DEBUG 'ansible_navigator.main' Completed post processing for playbook. (changed=False)
220603180959.418 DEBUG 'ansible_navigator.main' Completed post processing for playbook_artifact_enable. (changed=False)
220603180959.418 DEBUG 'ansible_navigator.main' Completed post processing for playbook_artifact_replay. (changed=False)
220603180959.418 DEBUG 'ansible_navigator.main' Completed post processing for plugin_name. (changed=False)
220603180959.418 DEBUG 'ansible_navigator.main' Completed post processing for set_environment_variable. (changed=False)
220603180959.418 WARNING 'ansible_navigator.main' Configuration errors encountered, rolling back to previous configuration.
220603180959.418 DEBUG 'ansible_navigator.main' Prior to rollback: ansible_runner_artifact_dir = 'Constants.NOT_SET' (Constants/value has not been set)
220603180959.418 DEBUG 'ansible_navigator.main' Prior to rollback: ansible_runner_rotate_artifacts_count = 'Constants.NOT_SET' (Constants/value has not been set)
220603180959.418 DEBUG 'ansible_navigator.main' Prior to rollback: ansible_runner_timeout = 'Constants.NOT_SET' (Constants/value has not been set)
220603180959.418 DEBUG 'ansible_navigator.main' Prior to rollback: app = 'welcome' (str/default configuration value)
220603180959.418 DEBUG 'ansible_navigator.main' Prior to rollback: cmdline = 'Constants.NOT_SET' (Constants/value has not been set)
220603180959.418 DEBUG 'ansible_navigator.main' Prior to rollback: collection_doc_cache_path = '/home/student/.cache/ansible-navigator/collection_doc_cache.db' (str/default configuration value)
220603180959.418 DEBUG 'ansible_navigator.main' Prior to rollback: config = './ansible.cfg' (str/user provided configuration file)
220603180959.418 DEBUG 'ansible_navigator.main' Prior to rollback: container_engine = 'podman' (str/default configuration value)
220603180959.418 DEBUG 'ansible_navigator.main' Prior to rollback: display_color = 'True' (bool/default configuration value)
220603180959.418 DEBUG 'ansible_navigator.main' Prior to rollback: editor_command = 'vi +{line_number} {filename}' (str/default configuration value)
220603180959.418 DEBUG 'ansible_navigator.main' Prior to rollback: editor_console = 'True' (bool/default configuration value)
220603180959.418 DEBUG 'ansible_navigator.main' Prior to rollback: execution_environment = 'True' (bool/default configuration value)
220603180959.418 DEBUG 'ansible_navigator.main' Prior to rollback: execution_environment_image = 'ee-supported-rhel8:2.0' (str/user provided configuration file)
220603180959.418 DEBUG 'ansible_navigator.main' Prior to rollback: execution_environment_volume_mounts = 'Constants.NOT_SET' (Constants/value has not been set)
220603180959.418 DEBUG 'ansible_navigator.main' Prior to rollback: help_config = 'False' (bool/default configuration value)
220603180959.418 DEBUG 'ansible_navigator.main' Prior to rollback: help_doc = 'False' (bool/default configuration value)
220603180959.418 DEBUG 'ansible_navigator.main' Prior to rollback: help_inventory = 'False' (bool/default configuration value)
220603180959.418 DEBUG 'ansible_navigator.main' Prior to rollback: help_playbook = 'False' (bool/default configuration value)
220603180959.418 DEBUG 'ansible_navigator.main' Prior to rollback: inventory = 'Constants.NOT_SET' (Constants/value has not been set)
220603180959.418 DEBUG 'ansible_navigator.main' Prior to rollback: inventory_column = 'Constants.NOT_SET' (Constants/value has not been set)
220603180959.418 DEBUG 'ansible_navigator.main' Prior to rollback: log_append = 'True' (bool/default configuration value)
220603180959.418 DEBUG 'ansible_navigator.main' Prior to rollback: log_file = '/home/student/git/ansible/demo/ansible-navigator.log' (str/default configuration value)
220603180959.418 DEBUG 'ansible_navigator.main' Prior to rollback: log_level = 'warning' (str/default configuration value)
220603180959.418 DEBUG 'ansible_navigator.main' Prior to rollback: mode = 'stdout' (str/user provided configuration file)
220603180959.418 DEBUG 'ansible_navigator.main' Prior to rollback: osc4 = 'True' (bool/default configuration value)
220603180959.418 DEBUG 'ansible_navigator.main' Prior to rollback: pass_environment_variable = 'Constants.NOT_SET' (Constants/value has not been set)
220603180959.418 DEBUG 'ansible_navigator.main' Prior to rollback: playbook = 'Constants.NOT_SET' (Constants/value has not been set)
220603180959.418 DEBUG 'ansible_navigator.main' Prior to rollback: playbook_artifact_enable = 'True' (bool/default configuration value)
220603180959.418 DEBUG 'ansible_navigator.main' Prior to rollback: playbook_artifact_replay = 'Constants.NOT_SET' (Constants/value has not been set)
220603180959.418 DEBUG 'ansible_navigator.main' Prior to rollback: playbook_artifact_save_as = '{playbook_dir}/{playbook_name}-artifact-{ts_utc}.json' (str/default configuration value)
220603180959.418 DEBUG 'ansible_navigator.main' Prior to rollback: plugin_name = 'Constants.NOT_SET' (Constants/value has not been set)
220603180959.418 DEBUG 'ansible_navigator.main' Prior to rollback: plugin_type = 'module' (str/default configuration value)
220603180959.418 DEBUG 'ansible_navigator.main' Prior to rollback: pull_policy = 'missing' (str/user provided configuration file)
220603180959.418 DEBUG 'ansible_navigator.main' Prior to rollback: set_environment_variable = 'Constants.NOT_SET' (Constants/value has not been set)
220603180959.418 DEBUG 'ansible_navigator.main' After rollback: ansible_runner_artifact_dir = 'Constants.NOT_SET' (Constants/value has not been set)
220603180959.418 DEBUG 'ansible_navigator.main' After rollback: ansible_runner_rotate_artifacts_count = 'Constants.NOT_SET' (Constants/value has not been set)
220603180959.418 DEBUG 'ansible_navigator.main' After rollback: ansible_runner_timeout = 'Constants.NOT_SET' (Constants/value has not been set)
220603180959.418 DEBUG 'ansible_navigator.main' After rollback: app = 'Constants.NOT_SET' (Constants/value has not been set)
220603180959.418 DEBUG 'ansible_navigator.main' After rollback: cmdline = 'Constants.NOT_SET' (Constants/value has not been set)
220603180959.418 DEBUG 'ansible_navigator.main' After rollback: collection_doc_cache_path = 'Constants.NOT_SET' (Constants/value has not been set)
220603180959.418 DEBUG 'ansible_navigator.main' After rollback: config = 'Constants.NOT_SET' (Constants/value has not been set)
220603180959.418 DEBUG 'ansible_navigator.main' After rollback: container_engine = 'Constants.NOT_SET' (Constants/value has not been set)
220603180959.418 DEBUG 'ansible_navigator.main' After rollback: display_color = 'Constants.NOT_SET' (Constants/value has not been set)
220603180959.419 DEBUG 'ansible_navigator.main' After rollback: editor_command = 'Constants.NOT_SET' (Constants/value has not been set)
220603180959.419 DEBUG 'ansible_navigator.main' After rollback: editor_console = 'Constants.NOT_SET' (Constants/value has not been set)
220603180959.419 DEBUG 'ansible_navigator.main' After rollback: execution_environment = 'Constants.NOT_SET' (Constants/value has not been set)
220603180959.419 DEBUG 'ansible_navigator.main' After rollback: execution_environment_image = 'Constants.NOT_SET' (Constants/value has not been set)
220603180959.419 DEBUG 'ansible_navigator.main' After rollback: execution_environment_volume_mounts = 'Constants.NOT_SET' (Constants/value has not been set)
220603180959.419 DEBUG 'ansible_navigator.main' After rollback: help_config = 'Constants.NOT_SET' (Constants/value has not been set)
220603180959.419 DEBUG 'ansible_navigator.main' After rollback: help_doc = 'Constants.NOT_SET' (Constants/value has not been set)
220603180959.419 DEBUG 'ansible_navigator.main' After rollback: help_inventory = 'Constants.NOT_SET' (Constants/value has not been set)
220603180959.419 DEBUG 'ansible_navigator.main' After rollback: help_playbook = 'Constants.NOT_SET' (Constants/value has not been set)
220603180959.419 DEBUG 'ansible_navigator.main' After rollback: inventory = 'Constants.NOT_SET' (Constants/value has not been set)
220603180959.419 DEBUG 'ansible_navigator.main' After rollback: inventory_column = 'Constants.NOT_SET' (Constants/value has not been set)
220603180959.419 DEBUG 'ansible_navigator.main' After rollback: log_append = 'Constants.NOT_SET' (Constants/value has not been set)
220603180959.419 DEBUG 'ansible_navigator.main' After rollback: log_file = 'Constants.NOT_SET' (Constants/value has not been set)
220603180959.419 DEBUG 'ansible_navigator.main' After rollback: log_level = 'Constants.NOT_SET' (Constants/value has not been set)
220603180959.419 DEBUG 'ansible_navigator.main' After rollback: mode = 'Constants.NOT_SET' (Constants/value has not been set)
220603180959.419 DEBUG 'ansible_navigator.main' After rollback: osc4 = 'Constants.NOT_SET' (Constants/value has not been set)
220603180959.419 DEBUG 'ansible_navigator.main' After rollback: pass_environment_variable = 'Constants.NOT_SET' (Constants/value has not been set)
220603180959.419 DEBUG 'ansible_navigator.main' After rollback: playbook = 'Constants.NOT_SET' (Constants/value has not been set)
220603180959.419 DEBUG 'ansible_navigator.main' After rollback: playbook_artifact_enable = 'Constants.NOT_SET' (Constants/value has not been set)
220603180959.419 DEBUG 'ansible_navigator.main' After rollback: playbook_artifact_replay = 'Constants.NOT_SET' (Constants/value has not been set)
220603180959.419 DEBUG 'ansible_navigator.main' After rollback: playbook_artifact_save_as = 'Constants.NOT_SET' (Constants/value has not been set)
220603180959.419 DEBUG 'ansible_navigator.main' After rollback: plugin_name = 'Constants.NOT_SET' (Constants/value has not been set)
220603180959.419 DEBUG 'ansible_navigator.main' After rollback: plugin_type = 'Constants.NOT_SET' (Constants/value has not been set)
220603180959.419 DEBUG 'ansible_navigator.main' After rollback: pull_policy = 'Constants.NOT_SET' (Constants/value has not been set)
220603180959.419 DEBUG 'ansible_navigator.main' After rollback: set_environment_variable = 'Constants.NOT_SET' (Constants/value has not been set)
220603180959.419 DEBUG 'ansible_navigator.main' Configuration rollback complete.
220603180959.419 ERROR 'ansible_navigator.main' Command provided: ''
220603180959.419 ERROR 'ansible_navigator.main' Subcommand 'welcome' does not support mode 'stdout'. Supported modes: 'interactive'.
220603180959.419 INFO 'ansible_navigator.main' Try again with '-m interactive'
220603180959.419 ERROR 'ansible_navigator.main' Configuration failed, using default log file location: /home/student/git/ansible/demo/ansible-navigator.log. Log level set to debug
220603180959.419 INFO 'ansible_navigator.main' Review the hints and log file to see what went wrong: /home/student/git/ansible/demo/ansible-navigator.log
220603181112.174 INFO 'ansible_navigator.setup_logger' New ansible-navigator instance, logging initialized
220603181112.174 INFO 'ansible_navigator.setup_logger' New ansible-runner instance, logging initialized
220603181112.174 DEBUG 'ansible_navigator.main' Share directory '/usr/lib/python3.8/site-packages/share/ansible_navigator' not found (development path)
220603181112.174 DEBUG 'ansible_navigator.main' Share directory '/home/student/.local/share/ansible_navigator' not found (userbase)
220603181112.174 DEBUG 'ansible_navigator.main' Share directory '/usr/share/ansible_navigator' found (sys.prefix)
220603181112.174 DEBUG 'ansible_navigator.main' Default collection_doc_cache_path set to: /home/student/.cache/ansible-navigator/collection_doc_cache.db
220603181112.174 DEBUG 'ansible_navigator.main' EDITOR environment variable not set
220603181112.174 DEBUG 'ansible_navigator.main' Default editor_command set to: vi +{line_number} {filename}
220603181112.174 DEBUG 'ansible_navigator.main' No config file set by ANSIBLE_NAVIGATOR_CONFIG
220603181112.174 DEBUG 'ansible_navigator.main' Looking in /home/student
220603181112.174 DEBUG 'ansible_navigator.main' Looking for '/home/student/.ansible-navigator.yml', '/home/student/.ansible-navigator.yaml' and '/home/student/.ansible-navigator.json'
220603181112.174 DEBUG 'ansible_navigator.main' Found 0: 
220603181112.174 DEBUG 'ansible_navigator.main' Looking in /home/student/git/ansible/demo
220603181112.174 DEBUG 'ansible_navigator.main' Looking for '/home/student/git/ansible/demo/ansible-navigator.yml', '/home/student/git/ansible/demo/ansible-navigator.yaml' and '/home/student/git/ansible/demo/ansible-navigator.json'
220603181112.174 DEBUG 'ansible_navigator.main' Found 1: '/home/student/git/ansible/demo/ansible-navigator.yml'
220603181112.174 DEBUG 'ansible_navigator.main' All found 1: '/home/student/git/ansible/demo/ansible-navigator.yml'
220603181112.174 DEBUG 'ansible_navigator.main' Using: /home/student/git/ansible/demo/ansible-navigator.yml
220603181112.174 DEBUG 'ansible_navigator.main' Using settings file at /home/student/git/ansible/demo/ansible-navigator.yml in search path
220603181112.174 DEBUG 'ansible_navigator.main' Command provided: 'tags_demo.yml --list-tags'
220603181112.174 DEBUG 'ansible_navigator.main' ansible-navigator.ansible-runner.artifact-dir not found in settings file
220603181112.174 DEBUG 'ansible_navigator.main' ansible-navigator.ansible-runner.rotate-artifacts-count not found in settings file
220603181112.174 DEBUG 'ansible_navigator.main' ansible-navigator.ansible-runner.timeout not found in settings file
220603181112.174 DEBUG 'ansible_navigator.main' ansible-navigator.app not found in settings file
220603181112.174 DEBUG 'ansible_navigator.main' ansible-navigator.ansible.cmdline not found in settings file
220603181112.174 DEBUG 'ansible_navigator.main' ansible-navigator.collection-doc-cache-path not found in settings file
220603181112.174 DEBUG 'ansible_navigator.main' ansible-navigator.execution-environment.container-engine not found in settings file
220603181112.174 DEBUG 'ansible_navigator.main' ansible-navigator.color.enable not found in settings file
220603181112.174 DEBUG 'ansible_navigator.main' ansible-navigator.editor.command not found in settings file
220603181112.175 DEBUG 'ansible_navigator.main' ansible-navigator.editor.console not found in settings file
220603181112.175 DEBUG 'ansible_navigator.main' ansible-navigator.execution-environment.enabled not found in settings file
220603181112.175 DEBUG 'ansible_navigator.main' ansible-navigator.execution-environment.volume-mounts not found in settings file
220603181112.175 DEBUG 'ansible_navigator.main' ansible-navigator.help-config not found in settings file
220603181112.175 DEBUG 'ansible_navigator.main' ansible-navigator.help-doc not found in settings file
220603181112.175 DEBUG 'ansible_navigator.main' ansible-navigator.help-inventory not found in settings file
220603181112.175 DEBUG 'ansible_navigator.main' ansible-navigator.help-playbook not found in settings file
220603181112.175 DEBUG 'ansible_navigator.main' ansible-navigator.ansible.inventories not found in settings file
220603181112.175 DEBUG 'ansible_navigator.main' ansible-navigator.inventory-columns not found in settings file
220603181112.175 DEBUG 'ansible_navigator.main' ansible-navigator.logging.append not found in settings file
220603181112.175 DEBUG 'ansible_navigator.main' ansible-navigator.logging.file not found in settings file
220603181112.175 DEBUG 'ansible_navigator.main' ansible-navigator.logging.level not found in settings file
220603181112.175 DEBUG 'ansible_navigator.main' ansible-navigator.color.osc4 not found in settings file
220603181112.175 DEBUG 'ansible_navigator.main' ansible-navigator.execution-environment.environment-variables.pass not found in settings file
220603181112.175 DEBUG 'ansible_navigator.main' ansible-navigator.ansible.playbook not found in settings file
220603181112.175 DEBUG 'ansible_navigator.main' ansible-navigator.playbook-artifact.enable not found in settings file
220603181112.175 DEBUG 'ansible_navigator.main' ansible-navigator.playbook-artifact.replay not found in settings file
220603181112.175 DEBUG 'ansible_navigator.main' ansible-navigator.playbook-artifact.save-as not found in settings file
220603181112.175 DEBUG 'ansible_navigator.main' ansible-navigator.documentation.plugin.name not found in settings file
220603181112.175 DEBUG 'ansible_navigator.main' ansible-navigator.documentation.plugin.type not found in settings file
220603181112.175 DEBUG 'ansible_navigator.main' ansible-navigator.execution-environment.environment-variables.set not found in settings file
220603181112.175 WARNING 'ansible_navigator.main' Configuration errors encountered, rolling back to previous configuration.
220603181112.175 DEBUG 'ansible_navigator.main' Prior to rollback: ansible_runner_artifact_dir = 'Constants.NOT_SET' (Constants/value has not been set)
220603181112.175 DEBUG 'ansible_navigator.main' Prior to rollback: ansible_runner_rotate_artifacts_count = 'Constants.NOT_SET' (Constants/value has not been set)
220603181112.175 DEBUG 'ansible_navigator.main' Prior to rollback: ansible_runner_timeout = 'Constants.NOT_SET' (Constants/value has not been set)
220603181112.175 DEBUG 'ansible_navigator.main' Prior to rollback: app = 'welcome' (str/default configuration value)
220603181112.175 DEBUG 'ansible_navigator.main' Prior to rollback: cmdline = 'Constants.NOT_SET' (Constants/value has not been set)
220603181112.175 DEBUG 'ansible_navigator.main' Prior to rollback: collection_doc_cache_path = '/home/student/.cache/ansible-navigator/collection_doc_cache.db' (str/default configuration value)
220603181112.175 DEBUG 'ansible_navigator.main' Prior to rollback: config = './ansible.cfg' (str/user provided configuration file)
220603181112.175 DEBUG 'ansible_navigator.main' Prior to rollback: container_engine = 'auto' (str/default configuration value)
220603181112.175 DEBUG 'ansible_navigator.main' Prior to rollback: display_color = 'True' (bool/default configuration value)
220603181112.175 DEBUG 'ansible_navigator.main' Prior to rollback: editor_command = 'vi +{line_number} {filename}' (str/default configuration value)
220603181112.175 DEBUG 'ansible_navigator.main' Prior to rollback: editor_console = 'True' (bool/default configuration value)
220603181112.175 DEBUG 'ansible_navigator.main' Prior to rollback: execution_environment = 'True' (bool/default configuration value)
220603181112.175 DEBUG 'ansible_navigator.main' Prior to rollback: execution_environment_image = 'ee-supported-rhel8:2.0' (str/user provided configuration file)
220603181112.175 DEBUG 'ansible_navigator.main' Prior to rollback: execution_environment_volume_mounts = 'Constants.NOT_SET' (Constants/value has not been set)
220603181112.175 DEBUG 'ansible_navigator.main' Prior to rollback: help_config = 'False' (bool/default configuration value)
220603181112.175 DEBUG 'ansible_navigator.main' Prior to rollback: help_doc = 'False' (bool/default configuration value)
220603181112.175 DEBUG 'ansible_navigator.main' Prior to rollback: help_inventory = 'False' (bool/default configuration value)
220603181112.175 DEBUG 'ansible_navigator.main' Prior to rollback: help_playbook = 'False' (bool/default configuration value)
220603181112.175 DEBUG 'ansible_navigator.main' Prior to rollback: inventory = 'Constants.NOT_SET' (Constants/value has not been set)
220603181112.175 DEBUG 'ansible_navigator.main' Prior to rollback: inventory_column = 'Constants.NOT_SET' (Constants/value has not been set)
220603181112.175 DEBUG 'ansible_navigator.main' Prior to rollback: log_append = 'True' (bool/default configuration value)
220603181112.175 DEBUG 'ansible_navigator.main' Prior to rollback: log_file = '/home/student/git/ansible/demo/ansible-navigator.log' (str/default configuration value)
220603181112.175 DEBUG 'ansible_navigator.main' Prior to rollback: log_level = 'warning' (str/default configuration value)
220603181112.175 DEBUG 'ansible_navigator.main' Prior to rollback: mode = 'stdout' (str/user provided configuration file)
220603181112.175 DEBUG 'ansible_navigator.main' Prior to rollback: osc4 = 'True' (bool/default configuration value)
220603181112.175 DEBUG 'ansible_navigator.main' Prior to rollback: pass_environment_variable = 'Constants.NOT_SET' (Constants/value has not been set)
220603181112.176 DEBUG 'ansible_navigator.main' Prior to rollback: playbook = 'Constants.NOT_SET' (Constants/value has not been set)
220603181112.176 DEBUG 'ansible_navigator.main' Prior to rollback: playbook_artifact_enable = 'True' (bool/default configuration value)
220603181112.176 DEBUG 'ansible_navigator.main' Prior to rollback: playbook_artifact_replay = 'Constants.NOT_SET' (Constants/value has not been set)
220603181112.176 DEBUG 'ansible_navigator.main' Prior to rollback: playbook_artifact_save_as = '{playbook_dir}/{playbook_name}-artifact-{ts_utc}.json' (str/default configuration value)
220603181112.176 DEBUG 'ansible_navigator.main' Prior to rollback: plugin_name = 'Constants.NOT_SET' (Constants/value has not been set)
220603181112.176 DEBUG 'ansible_navigator.main' Prior to rollback: plugin_type = 'module' (str/default configuration value)
220603181112.176 DEBUG 'ansible_navigator.main' Prior to rollback: pull_policy = 'missing' (str/user provided configuration file)
220603181112.176 DEBUG 'ansible_navigator.main' Prior to rollback: set_environment_variable = 'Constants.NOT_SET' (Constants/value has not been set)
220603181112.176 DEBUG 'ansible_navigator.main' After rollback: ansible_runner_artifact_dir = 'Constants.NOT_SET' (Constants/value has not been set)
220603181112.176 DEBUG 'ansible_navigator.main' After rollback: ansible_runner_rotate_artifacts_count = 'Constants.NOT_SET' (Constants/value has not been set)
220603181112.176 DEBUG 'ansible_navigator.main' After rollback: ansible_runner_timeout = 'Constants.NOT_SET' (Constants/value has not been set)
220603181112.176 DEBUG 'ansible_navigator.main' After rollback: app = 'Constants.NOT_SET' (Constants/value has not been set)
220603181112.176 DEBUG 'ansible_navigator.main' After rollback: cmdline = 'Constants.NOT_SET' (Constants/value has not been set)
220603181112.176 DEBUG 'ansible_navigator.main' After rollback: collection_doc_cache_path = 'Constants.NOT_SET' (Constants/value has not been set)
220603181112.176 DEBUG 'ansible_navigator.main' After rollback: config = 'Constants.NOT_SET' (Constants/value has not been set)
220603181112.176 DEBUG 'ansible_navigator.main' After rollback: container_engine = 'Constants.NOT_SET' (Constants/value has not been set)
220603181112.176 DEBUG 'ansible_navigator.main' After rollback: display_color = 'Constants.NOT_SET' (Constants/value has not been set)
220603181112.176 DEBUG 'ansible_navigator.main' After rollback: editor_command = 'Constants.NOT_SET' (Constants/value has not been set)
220603181112.176 DEBUG 'ansible_navigator.main' After rollback: editor_console = 'Constants.NOT_SET' (Constants/value has not been set)
220603181112.176 DEBUG 'ansible_navigator.main' After rollback: execution_environment = 'Constants.NOT_SET' (Constants/value has not been set)
220603181112.176 DEBUG 'ansible_navigator.main' After rollback: execution_environment_image = 'Constants.NOT_SET' (Constants/value has not been set)
220603181112.176 DEBUG 'ansible_navigator.main' After rollback: execution_environment_volume_mounts = 'Constants.NOT_SET' (Constants/value has not been set)
220603181112.176 DEBUG 'ansible_navigator.main' After rollback: help_config = 'Constants.NOT_SET' (Constants/value has not been set)
220603181112.176 DEBUG 'ansible_navigator.main' After rollback: help_doc = 'Constants.NOT_SET' (Constants/value has not been set)
220603181112.176 DEBUG 'ansible_navigator.main' After rollback: help_inventory = 'Constants.NOT_SET' (Constants/value has not been set)
220603181112.176 DEBUG 'ansible_navigator.main' After rollback: help_playbook = 'Constants.NOT_SET' (Constants/value has not been set)
220603181112.176 DEBUG 'ansible_navigator.main' After rollback: inventory = 'Constants.NOT_SET' (Constants/value has not been set)
220603181112.176 DEBUG 'ansible_navigator.main' After rollback: inventory_column = 'Constants.NOT_SET' (Constants/value has not been set)
220603181112.176 DEBUG 'ansible_navigator.main' After rollback: log_append = 'Constants.NOT_SET' (Constants/value has not been set)
220603181112.176 DEBUG 'ansible_navigator.main' After rollback: log_file = 'Constants.NOT_SET' (Constants/value has not been set)
220603181112.176 DEBUG 'ansible_navigator.main' After rollback: log_level = 'Constants.NOT_SET' (Constants/value has not been set)
220603181112.176 DEBUG 'ansible_navigator.main' After rollback: mode = 'Constants.NOT_SET' (Constants/value has not been set)
220603181112.176 DEBUG 'ansible_navigator.main' After rollback: osc4 = 'Constants.NOT_SET' (Constants/value has not been set)
220603181112.176 DEBUG 'ansible_navigator.main' After rollback: pass_environment_variable = 'Constants.NOT_SET' (Constants/value has not been set)
220603181112.176 DEBUG 'ansible_navigator.main' After rollback: playbook = 'Constants.NOT_SET' (Constants/value has not been set)
220603181112.176 DEBUG 'ansible_navigator.main' After rollback: playbook_artifact_enable = 'Constants.NOT_SET' (Constants/value has not been set)
220603181112.176 DEBUG 'ansible_navigator.main' After rollback: playbook_artifact_replay = 'Constants.NOT_SET' (Constants/value has not been set)
220603181112.176 DEBUG 'ansible_navigator.main' After rollback: playbook_artifact_save_as = 'Constants.NOT_SET' (Constants/value has not been set)
220603181112.176 DEBUG 'ansible_navigator.main' After rollback: plugin_name = 'Constants.NOT_SET' (Constants/value has not been set)
220603181112.176 DEBUG 'ansible_navigator.main' After rollback: plugin_type = 'Constants.NOT_SET' (Constants/value has not been set)
220603181112.176 DEBUG 'ansible_navigator.main' After rollback: pull_policy = 'Constants.NOT_SET' (Constants/value has not been set)
220603181112.176 DEBUG 'ansible_navigator.main' After rollback: set_environment_variable = 'Constants.NOT_SET' (Constants/value has not been set)
220603181112.176 DEBUG 'ansible_navigator.main' Configuration rollback complete.
220603181112.176 ERROR 'ansible_navigator.main' Command provided: 'tags_demo.yml --list-tags'
220603181112.176 ERROR 'ansible_navigator.main' argument {subcommand} --help: invalid choice: 'tags_demo.yml' (choose from 'collections', 'config', 'doc', 'images', 'inventory', 'replay', 'run', 'welcome')
220603181112.176 ERROR 'ansible_navigator.main' Configuration failed, using default log file location: /home/student/git/ansible/demo/ansible-navigator.log. Log level set to debug
220603181112.176 INFO 'ansible_navigator.main' Review the hints and log file to see what went wrong: /home/student/git/ansible/demo/ansible-navigator.log
220622080008.073 INFO 'ansible_navigator.setup_logger' New ansible-navigator instance, logging initialized
220622080008.075 INFO 'ansible_navigator.setup_logger' New ansible-runner instance, logging initialized
220622080008.075 DEBUG 'ansible_navigator.main' Share directory '/usr/lib/python3.8/site-packages/share/ansible_navigator' not found (development path)
220622080008.075 DEBUG 'ansible_navigator.main' Share directory '/home/student/.local/share/ansible_navigator' not found (userbase)
220622080008.075 DEBUG 'ansible_navigator.main' Share directory '/usr/share/ansible_navigator' found (sys.prefix)
220622080008.075 DEBUG 'ansible_navigator.main' Default collection_doc_cache_path set to: /home/student/.cache/ansible-navigator/collection_doc_cache.db
220622080008.075 DEBUG 'ansible_navigator.main' EDITOR environment variable not set
220622080008.076 DEBUG 'ansible_navigator.main' Default editor_command set to: vi +{line_number} {filename}
220622080008.076 DEBUG 'ansible_navigator.main' No config file set by ANSIBLE_NAVIGATOR_CONFIG
220622080008.076 DEBUG 'ansible_navigator.main' Looking in /home/student
220622080008.076 DEBUG 'ansible_navigator.main' Looking for '/home/student/.ansible-navigator.yml', '/home/student/.ansible-navigator.yaml' and '/home/student/.ansible-navigator.json'
220622080008.076 DEBUG 'ansible_navigator.main' Found 0: 
220622080008.076 DEBUG 'ansible_navigator.main' Looking in /home/student/ansible/demo
220622080008.076 DEBUG 'ansible_navigator.main' Looking for '/home/student/ansible/demo/ansible-navigator.yml', '/home/student/ansible/demo/ansible-navigator.yaml' and '/home/student/ansible/demo/ansible-navigator.json'
220622080008.076 DEBUG 'ansible_navigator.main' Found 1: '/home/student/ansible/demo/ansible-navigator.yml'
220622080008.076 DEBUG 'ansible_navigator.main' All found 1: '/home/student/ansible/demo/ansible-navigator.yml'
220622080008.076 DEBUG 'ansible_navigator.main' Using: /home/student/ansible/demo/ansible-navigator.yml
220622080008.076 DEBUG 'ansible_navigator.main' Using settings file at /home/student/ansible/demo/ansible-navigator.yml in search path
220622080008.076 DEBUG 'ansible_navigator.main' Command provided: 'run -m debugl tags_demo.yml --eei ee-supported-rhel8:2.0 -e my_host=servera'
220622080008.076 DEBUG 'ansible_navigator.main' ansible-navigator.ansible-runner.artifact-dir not found in settings file
220622080008.076 DEBUG 'ansible_navigator.main' ansible-navigator.ansible-runner.rotate-artifacts-count not found in settings file
220622080008.076 DEBUG 'ansible_navigator.main' ansible-navigator.ansible-runner.timeout not found in settings file
220622080008.076 DEBUG 'ansible_navigator.main' ansible-navigator.app not found in settings file
220622080008.076 DEBUG 'ansible_navigator.main' ansible-navigator.ansible.cmdline not found in settings file
220622080008.076 DEBUG 'ansible_navigator.main' ansible-navigator.collection-doc-cache-path not found in settings file
220622080008.076 DEBUG 'ansible_navigator.main' ansible-navigator.execution-environment.container-engine not found in settings file
220622080008.076 DEBUG 'ansible_navigator.main' ansible-navigator.color.enable not found in settings file
220622080008.076 DEBUG 'ansible_navigator.main' ansible-navigator.editor.command not found in settings file
220622080008.076 DEBUG 'ansible_navigator.main' ansible-navigator.editor.console not found in settings file
220622080008.076 DEBUG 'ansible_navigator.main' ansible-navigator.execution-environment.enabled not found in settings file
220622080008.076 DEBUG 'ansible_navigator.main' ansible-navigator.execution-environment.volume-mounts not found in settings file
220622080008.076 DEBUG 'ansible_navigator.main' ansible-navigator.help-config not found in settings file
220622080008.076 DEBUG 'ansible_navigator.main' ansible-navigator.help-doc not found in settings file
220622080008.076 DEBUG 'ansible_navigator.main' ansible-navigator.help-inventory not found in settings file
220622080008.076 DEBUG 'ansible_navigator.main' ansible-navigator.help-playbook not found in settings file
220622080008.076 DEBUG 'ansible_navigator.main' ansible-navigator.ansible.inventories not found in settings file
220622080008.076 DEBUG 'ansible_navigator.main' ansible-navigator.inventory-columns not found in settings file
220622080008.076 DEBUG 'ansible_navigator.main' ansible-navigator.logging.append not found in settings file
220622080008.076 DEBUG 'ansible_navigator.main' ansible-navigator.logging.file not found in settings file
220622080008.076 DEBUG 'ansible_navigator.main' ansible-navigator.logging.level not found in settings file
220622080008.076 DEBUG 'ansible_navigator.main' ansible-navigator.color.osc4 not found in settings file
220622080008.076 DEBUG 'ansible_navigator.main' ansible-navigator.execution-environment.environment-variables.pass not found in settings file
220622080008.076 DEBUG 'ansible_navigator.main' ansible-navigator.ansible.playbook not found in settings file
220622080008.076 DEBUG 'ansible_navigator.main' ansible-navigator.playbook-artifact.replay not found in settings file
220622080008.076 DEBUG 'ansible_navigator.main' ansible-navigator.playbook-artifact.save-as not found in settings file
220622080008.076 DEBUG 'ansible_navigator.main' ansible-navigator.documentation.plugin.name not found in settings file
220622080008.076 DEBUG 'ansible_navigator.main' ansible-navigator.documentation.plugin.type not found in settings file
220622080008.076 DEBUG 'ansible_navigator.main' ansible-navigator.execution-environment.environment-variables.set not found in settings file
220622080008.076 DEBUG 'ansible_navigator.main' Completed post processing for ansible_runner_artifact_dir. (changed=False)
220622080008.076 DEBUG 'ansible_navigator.main' Completed post processing for ansible_runner_rotate_artifacts_count. (changed=False)
220622080008.076 DEBUG 'ansible_navigator.main' Completed post processing for ansible_runner_timeout. (changed=False)
220622080008.076 DEBUG 'ansible_navigator.main' Completed post processing for cmdline. (changed=False)
220622080008.076 DEBUG 'ansible_navigator.main' Completed post processing for collection_doc_cache_path. (changed=False)
220622080008.076 DEBUG 'ansible_navigator.main' Completed post processing for container_engine. (changed=True)
220622080008.076 DEBUG 'ansible_navigator.main'  before: 'auto'
220622080008.076 DEBUG 'ansible_navigator.main'  after: 'podman'
220622080008.076 DEBUG 'ansible_navigator.main' Completed post processing for display_color. (changed=False)
220622080008.076 DEBUG 'ansible_navigator.main' Completed post processing for editor_console. (changed=False)
220622080008.076 DEBUG 'ansible_navigator.main' Completed post processing for execution_environment. (changed=False)
220622080008.077 DEBUG 'ansible_navigator.main' Completed post processing for execution_environment_image. (changed=False)
220622080008.077 DEBUG 'ansible_navigator.main' Completed post processing for execution_environment_volume_mounts. (changed=False)
220622080008.077 DEBUG 'ansible_navigator.main' Completed post processing for help_config. (changed=False)
220622080008.077 DEBUG 'ansible_navigator.main' Completed post processing for help_doc. (changed=False)
220622080008.077 DEBUG 'ansible_navigator.main' Completed post processing for help_inventory. (changed=False)
220622080008.077 DEBUG 'ansible_navigator.main' Completed post processing for help_playbook. (changed=False)
220622080008.077 DEBUG 'ansible_navigator.main' Completed post processing for inventory. (changed=False)
220622080008.077 DEBUG 'ansible_navigator.main' Completed post processing for inventory_column. (changed=False)
220622080008.077 DEBUG 'ansible_navigator.main' Completed post processing for log_append. (changed=False)
220622080008.077 DEBUG 'ansible_navigator.main' Completed post processing for log_file. (changed=False)
220622080008.077 DEBUG 'ansible_navigator.main' Completed post processing for mode. (changed=False)
220622080008.077 DEBUG 'ansible_navigator.main' Completed post processing for osc4. (changed=False)
220622080008.077 DEBUG 'ansible_navigator.main' Completed post processing for pass_environment_variable. (changed=False)
220622080008.077 DEBUG 'ansible_navigator.main' Completed post processing for playbook. (changed=True)
220622080008.077 DEBUG 'ansible_navigator.main'  before: 'tags_demo.yml'
220622080008.077 DEBUG 'ansible_navigator.main'  after: '/home/student/ansible/demo/tags_demo.yml'
220622080008.077 DEBUG 'ansible_navigator.main' Completed post processing for playbook_artifact_enable. (changed=False)
220622080008.077 DEBUG 'ansible_navigator.main' Completed post processing for playbook_artifact_replay. (changed=False)
220622080008.077 DEBUG 'ansible_navigator.main' Completed post processing for plugin_name. (changed=False)
220622080008.077 DEBUG 'ansible_navigator.main' Completed post processing for set_environment_variable. (changed=False)
220622080008.077 WARNING 'ansible_navigator.main' Configuration errors encountered, rolling back to previous configuration.
220622080008.077 DEBUG 'ansible_navigator.main' Prior to rollback: ansible_runner_artifact_dir = 'Constants.NOT_SET' (Constants/value has not been set)
220622080008.077 DEBUG 'ansible_navigator.main' Prior to rollback: ansible_runner_rotate_artifacts_count = 'Constants.NOT_SET' (Constants/value has not been set)
220622080008.077 DEBUG 'ansible_navigator.main' Prior to rollback: ansible_runner_timeout = 'Constants.NOT_SET' (Constants/value has not been set)
220622080008.077 DEBUG 'ansible_navigator.main' Prior to rollback: app = 'run' (str/cli parameters)
220622080008.077 DEBUG 'ansible_navigator.main' Prior to rollback: cmdline = '['-e', 'my_host=servera']' (list/cli parameters)
220622080008.077 DEBUG 'ansible_navigator.main' Prior to rollback: collection_doc_cache_path = '/home/student/.cache/ansible-navigator/collection_doc_cache.db' (str/default configuration value)
220622080008.077 DEBUG 'ansible_navigator.main' Prior to rollback: config = './ansible.cfg' (str/user provided configuration file)
220622080008.077 DEBUG 'ansible_navigator.main' Prior to rollback: container_engine = 'podman' (str/default configuration value)
220622080008.077 DEBUG 'ansible_navigator.main' Prior to rollback: display_color = 'True' (bool/default configuration value)
220622080008.077 DEBUG 'ansible_navigator.main' Prior to rollback: editor_command = 'vi +{line_number} {filename}' (str/default configuration value)
220622080008.077 DEBUG 'ansible_navigator.main' Prior to rollback: editor_console = 'True' (bool/default configuration value)
220622080008.077 DEBUG 'ansible_navigator.main' Prior to rollback: execution_environment = 'True' (bool/default configuration value)
220622080008.077 DEBUG 'ansible_navigator.main' Prior to rollback: execution_environment_image = 'ee-supported-rhel8:2.0' (str/cli parameters)
220622080008.077 DEBUG 'ansible_navigator.main' Prior to rollback: execution_environment_volume_mounts = 'Constants.NOT_SET' (Constants/value has not been set)
220622080008.077 DEBUG 'ansible_navigator.main' Prior to rollback: help_config = 'False' (bool/default configuration value)
220622080008.077 DEBUG 'ansible_navigator.main' Prior to rollback: help_doc = 'False' (bool/default configuration value)
220622080008.077 DEBUG 'ansible_navigator.main' Prior to rollback: help_inventory = 'False' (bool/default configuration value)
220622080008.077 DEBUG 'ansible_navigator.main' Prior to rollback: help_playbook = 'False' (bool/default configuration value)
220622080008.077 DEBUG 'ansible_navigator.main' Prior to rollback: inventory = 'Constants.NOT_SET' (Constants/value has not been set)
220622080008.077 DEBUG 'ansible_navigator.main' Prior to rollback: inventory_column = 'Constants.NOT_SET' (Constants/value has not been set)
220622080008.077 DEBUG 'ansible_navigator.main' Prior to rollback: log_append = 'True' (bool/default configuration value)
220622080008.077 DEBUG 'ansible_navigator.main' Prior to rollback: log_file = '/home/student/ansible/demo/ansible-navigator.log' (str/default configuration value)
220622080008.077 DEBUG 'ansible_navigator.main' Prior to rollback: log_level = 'warning' (str/default configuration value)
220622080008.077 DEBUG 'ansible_navigator.main' Prior to rollback: mode = 'debugl' (str/cli parameters)
220622080008.077 DEBUG 'ansible_navigator.main' Prior to rollback: osc4 = 'True' (bool/default configuration value)
220622080008.077 DEBUG 'ansible_navigator.main' Prior to rollback: pass_environment_variable = 'Constants.NOT_SET' (Constants/value has not been set)
220622080008.077 DEBUG 'ansible_navigator.main' Prior to rollback: playbook = '/home/student/ansible/demo/tags_demo.yml' (str/cli parameters)
220622080008.077 DEBUG 'ansible_navigator.main' Prior to rollback: playbook_artifact_enable = 'False' (bool/user provided configuration file)
220622080008.077 DEBUG 'ansible_navigator.main' Prior to rollback: playbook_artifact_replay = 'Constants.NOT_SET' (Constants/value has not been set)
220622080008.077 DEBUG 'ansible_navigator.main' Prior to rollback: playbook_artifact_save_as = '{playbook_dir}/{playbook_name}-artifact-{ts_utc}.json' (str/default configuration value)
220622080008.077 DEBUG 'ansible_navigator.main' Prior to rollback: plugin_name = 'Constants.NOT_SET' (Constants/value has not been set)
220622080008.077 DEBUG 'ansible_navigator.main' Prior to rollback: plugin_type = 'module' (str/default configuration value)
220622080008.078 DEBUG 'ansible_navigator.main' Prior to rollback: pull_policy = 'missing' (str/user provided configuration file)
220622080008.078 DEBUG 'ansible_navigator.main' Prior to rollback: set_environment_variable = 'Constants.NOT_SET' (Constants/value has not been set)
220622080008.078 DEBUG 'ansible_navigator.main' After rollback: ansible_runner_artifact_dir = 'Constants.NOT_SET' (Constants/value has not been set)
220622080008.078 DEBUG 'ansible_navigator.main' After rollback: ansible_runner_rotate_artifacts_count = 'Constants.NOT_SET' (Constants/value has not been set)
220622080008.078 DEBUG 'ansible_navigator.main' After rollback: ansible_runner_timeout = 'Constants.NOT_SET' (Constants/value has not been set)
220622080008.078 DEBUG 'ansible_navigator.main' After rollback: app = 'Constants.NOT_SET' (Constants/value has not been set)
220622080008.078 DEBUG 'ansible_navigator.main' After rollback: cmdline = 'Constants.NOT_SET' (Constants/value has not been set)
220622080008.078 DEBUG 'ansible_navigator.main' After rollback: collection_doc_cache_path = 'Constants.NOT_SET' (Constants/value has not been set)
220622080008.078 DEBUG 'ansible_navigator.main' After rollback: config = 'Constants.NOT_SET' (Constants/value has not been set)
220622080008.078 DEBUG 'ansible_navigator.main' After rollback: container_engine = 'Constants.NOT_SET' (Constants/value has not been set)
220622080008.078 DEBUG 'ansible_navigator.main' After rollback: display_color = 'Constants.NOT_SET' (Constants/value has not been set)
220622080008.078 DEBUG 'ansible_navigator.main' After rollback: editor_command = 'Constants.NOT_SET' (Constants/value has not been set)
220622080008.078 DEBUG 'ansible_navigator.main' After rollback: editor_console = 'Constants.NOT_SET' (Constants/value has not been set)
220622080008.078 DEBUG 'ansible_navigator.main' After rollback: execution_environment = 'Constants.NOT_SET' (Constants/value has not been set)
220622080008.078 DEBUG 'ansible_navigator.main' After rollback: execution_environment_image = 'Constants.NOT_SET' (Constants/value has not been set)
220622080008.078 DEBUG 'ansible_navigator.main' After rollback: execution_environment_volume_mounts = 'Constants.NOT_SET' (Constants/value has not been set)
220622080008.078 DEBUG 'ansible_navigator.main' After rollback: help_config = 'Constants.NOT_SET' (Constants/value has not been set)
220622080008.078 DEBUG 'ansible_navigator.main' After rollback: help_doc = 'Constants.NOT_SET' (Constants/value has not been set)
220622080008.078 DEBUG 'ansible_navigator.main' After rollback: help_inventory = 'Constants.NOT_SET' (Constants/value has not been set)
220622080008.078 DEBUG 'ansible_navigator.main' After rollback: help_playbook = 'Constants.NOT_SET' (Constants/value has not been set)
220622080008.078 DEBUG 'ansible_navigator.main' After rollback: inventory = 'Constants.NOT_SET' (Constants/value has not been set)
220622080008.078 DEBUG 'ansible_navigator.main' After rollback: inventory_column = 'Constants.NOT_SET' (Constants/value has not been set)
220622080008.078 DEBUG 'ansible_navigator.main' After rollback: log_append = 'Constants.NOT_SET' (Constants/value has not been set)
220622080008.078 DEBUG 'ansible_navigator.main' After rollback: log_file = 'Constants.NOT_SET' (Constants/value has not been set)
220622080008.078 DEBUG 'ansible_navigator.main' After rollback: log_level = 'Constants.NOT_SET' (Constants/value has not been set)
220622080008.078 DEBUG 'ansible_navigator.main' After rollback: mode = 'Constants.NOT_SET' (Constants/value has not been set)
220622080008.078 DEBUG 'ansible_navigator.main' After rollback: osc4 = 'Constants.NOT_SET' (Constants/value has not been set)
220622080008.078 DEBUG 'ansible_navigator.main' After rollback: pass_environment_variable = 'Constants.NOT_SET' (Constants/value has not been set)
220622080008.078 DEBUG 'ansible_navigator.main' After rollback: playbook = 'Constants.NOT_SET' (Constants/value has not been set)
220622080008.078 DEBUG 'ansible_navigator.main' After rollback: playbook_artifact_enable = 'Constants.NOT_SET' (Constants/value has not been set)
220622080008.078 DEBUG 'ansible_navigator.main' After rollback: playbook_artifact_replay = 'Constants.NOT_SET' (Constants/value has not been set)
220622080008.078 DEBUG 'ansible_navigator.main' After rollback: playbook_artifact_save_as = 'Constants.NOT_SET' (Constants/value has not been set)
220622080008.078 DEBUG 'ansible_navigator.main' After rollback: plugin_name = 'Constants.NOT_SET' (Constants/value has not been set)
220622080008.078 DEBUG 'ansible_navigator.main' After rollback: plugin_type = 'Constants.NOT_SET' (Constants/value has not been set)
220622080008.078 DEBUG 'ansible_navigator.main' After rollback: pull_policy = 'Constants.NOT_SET' (Constants/value has not been set)
220622080008.078 DEBUG 'ansible_navigator.main' After rollback: set_environment_variable = 'Constants.NOT_SET' (Constants/value has not been set)
220622080008.078 DEBUG 'ansible_navigator.main' Configuration rollback complete.
220622080008.078 ERROR 'ansible_navigator.main' Command provided: 'run -m debugl tags_demo.yml --eei ee-supported-rhel8:2.0 -e my_host=servera'
220622080008.078 ERROR 'ansible_navigator.main' Subcommand 'run' does not support mode 'debugl'. Supported modes: 'stdout' and 'interactive'.
220622080008.078 INFO 'ansible_navigator.main' Try again with '-m stdout' or '-m interactive'
220622080008.078 ERROR 'ansible_navigator.main' mode must be one of 'stdout' or 'interactive', but set as 'debugl' in cli parameters
220622080008.078 INFO 'ansible_navigator.main' Try again with '-m stdout' or '-m interactive'
220622080008.078 ERROR 'ansible_navigator.main' Configuration failed, using default log file location: /home/student/ansible/demo/ansible-navigator.log. Log level set to debug
220622080008.078 INFO 'ansible_navigator.main' Review the hints and log file to see what went wrong: /home/student/ansible/demo/ansible-navigator.log
220719130931.130 ERROR 'ansible_navigator.image_manager.puller._log_message' Execution environment pull failed
